<html>
<head>
<title>TestNG:  Test</title>
<link href="../testng.css" rel="stylesheet" type="text/css" />
<link href="../my-testng.css" rel="stylesheet" type="text/css" />

<style type="text/css">
.log { display: none;} 
.stack-trace { display: none;} 
</style>
<script type="text/javascript">
<!--
function flip(e) {
  current = e.style.display;
  if (current == 'block') {
    e.style.display = 'none';
    return 0;
  }
  else {
    e.style.display = 'block';
    return 1;
  }
}

function toggleBox(szDivId, elem, msg1, msg2)
{
  var res = -1;  if (document.getElementById) {
    res = flip(document.getElementById(szDivId));
  }
  else if (document.all) {
    // this is the way old msie versions work
    res = flip(document.all[szDivId]);
  }
  if(elem) {
    if(res == 0) elem.innerHTML = msg1; else elem.innerHTML = msg2;
  }

}

function toggleAllBoxes() {
  if (document.getElementsByTagName) {
    d = document.getElementsByTagName('div');
    for (i = 0; i < d.length; i++) {
      if (d[i].className == 'log') {
        flip(d[i]);
      }
    }
  }
}

// -->
</script>

</head>
<body>
<h2 align='center'>Test</h2><table border='1' align="center">
<tr>
<td>Tests passed/Failed/Skipped:</td><td>5/2/10</td>
</tr><tr>
<td>Started on:</td><td>Fri Jul 23 21:34:28 IST 2021</td>
</tr>
<tr><td>Total time:</td><td>520 seconds (520981 ms)</td>
</tr><tr>
<td>Included groups:</td><td></td>
</tr><tr>
<td>Excluded groups:</td><td></td>
</tr>
</table><p/>
<small><i>(Hover the method name to see the test class name)</i></small><p/>
<table width='100%' border='1' class='invocation-failed'>
<tr><td colspan='4' align='center'><b>FAILED CONFIGURATIONS</b></td></tr>
<tr><td><b>Test method</b></td>
<td width="30%"><b>Exception</b></td>
<td width="10%"><b>Time (seconds)</b></td>
<td><b>Instance</b></td>
</tr>
<tr>
<td title='com.TestCases.Scenario4.setup()'><b>setup</b><br>Test class: com.TestCases.Scenario4</td>
<td><div><pre>org.openqa.selenium.NoSuchWindowException: no such window: target window already closed
from unknown error: web view not found
  (Session info: chrome=91.0.4472.164)
Build info: version: &apos;3.141.59&apos;, revision: &apos;e82be7d358&apos;, time: &apos;2018-11-14T08:17:03&apos;
System info: host: &apos;LAPTOP-RRO4KGR3&apos;, ip: &apos;192.168.1.7&apos;, os.name: &apos;Windows 10&apos;, os.arch: &apos;amd64&apos;, os.version: &apos;10.0&apos;, java.version: &apos;1.8.0_144&apos;
Driver info: org.openqa.selenium.chrome.ChromeDriver
Capabilities {acceptInsecureCerts: false, browserName: chrome, browserVersion: 91.0.4472.164, chrome: {chromedriverVersion: 91.0.4472.101 (af52a90bf870..., userDataDir: C:\Users\SUMITK~1\AppData\L...}, goog:chromeOptions: {debuggerAddress: localhost:58429}, javascriptEnabled: true, networkConnectionEnabled: false, pageLoadStrategy: normal, platform: WINDOWS, platformName: WINDOWS, proxy: Proxy(), setWindowRect: true, strictFileInteractability: false, timeouts: {implicit: 0, pageLoad: 300000, script: 30000}, unhandledPromptBehavior: dismiss and notify, webauthn:extension:largeBlob: true, webauthn:virtualAuthenticators: true}
Session ID: ce3ada324e97f4f96f154cdfc80cf34b
	at org.openqa.selenium.remote.http.W3CHttpResponseCodec.createException(W3CHttpResponseCodec.java:187)
	at org.openqa.selenium.remote.http.W3CHttpResponseCodec.decode(W3CHttpResponseCodec.java:122)
	at org.openqa.selenium.remote.http.W3CHttpResponseCodec.decode(W3CHttpResponseCodec.java:49)
	at org.openqa.selenium.remote.HttpCommandExecutor.execute(HttpCommandExecutor.java:158)
	at org.openqa.selenium.remote.service.DriverCommandExecutor.execute(DriverCommandExecutor.java:83)
	at org.openqa.selenium.remote.RemoteWebDriver.execute(RemoteWebDriver.java:552)
	at org.openqa.selenium.remote.RemoteWebDriver.execute(RemoteWebDriver.java:609)
	at org.openqa.selenium.remote.RemoteWebDriver$RemoteWebDriverOptions$RemoteWindow.maximize(RemoteWebDriver.java:837)
	at objectsFactory.BasePage.InitializeDriver(BasePage.java:56)
	at com.TestCases.BaseTest.setup(BaseTest.java:19)
	at org.apache.maven.surefire.testng.TestNGExecutor.run(TestNGExecutor.java:284)
	at org.apache.maven.surefire.testng.TestNGXmlTestSuite.execute(TestNGXmlTestSuite.java:75)
	at org.apache.maven.surefire.testng.TestNGProvider.invoke(TestNGProvider.java:119)
	at org.apache.maven.surefire.booter.ForkedBooter.runSuitesInProcess(ForkedBooter.java:428)
	at org.apache.maven.surefire.booter.ForkedBooter.execute(ForkedBooter.java:162)
	at org.apache.maven.surefire.booter.ForkedBooter.run(ForkedBooter.java:562)
	at org.apache.maven.surefire.booter.ForkedBooter.main(ForkedBooter.java:548)
... Removed 27 stack frames</pre></div><a href='#' onClick='toggleBox("stack-trace2083969860", this, "Click to show all stack frames", "Click to hide stack frames")'>Click to show all stack frames</a>
<div class='stack-trace' id='stack-trace2083969860'><pre>org.openqa.selenium.NoSuchWindowException: no such window: target window already closed
from unknown error: web view not found
  (Session info: chrome=91.0.4472.164)
Build info: version: &apos;3.141.59&apos;, revision: &apos;e82be7d358&apos;, time: &apos;2018-11-14T08:17:03&apos;
System info: host: &apos;LAPTOP-RRO4KGR3&apos;, ip: &apos;192.168.1.7&apos;, os.name: &apos;Windows 10&apos;, os.arch: &apos;amd64&apos;, os.version: &apos;10.0&apos;, java.version: &apos;1.8.0_144&apos;
Driver info: org.openqa.selenium.chrome.ChromeDriver
Capabilities {acceptInsecureCerts: false, browserName: chrome, browserVersion: 91.0.4472.164, chrome: {chromedriverVersion: 91.0.4472.101 (af52a90bf870..., userDataDir: C:\Users\SUMITK~1\AppData\L...}, goog:chromeOptions: {debuggerAddress: localhost:58429}, javascriptEnabled: true, networkConnectionEnabled: false, pageLoadStrategy: normal, platform: WINDOWS, platformName: WINDOWS, proxy: Proxy(), setWindowRect: true, strictFileInteractability: false, timeouts: {implicit: 0, pageLoad: 300000, script: 30000}, unhandledPromptBehavior: dismiss and notify, webauthn:extension:largeBlob: true, webauthn:virtualAuthenticators: true}
Session ID: ce3ada324e97f4f96f154cdfc80cf34b
	at sun.reflect.NativeConstructorAccessorImpl.newInstance0(Native Method)
	at sun.reflect.NativeConstructorAccessorImpl.newInstance(NativeConstructorAccessorImpl.java:62)
	at sun.reflect.DelegatingConstructorAccessorImpl.newInstance(DelegatingConstructorAccessorImpl.java:45)
	at java.lang.reflect.Constructor.newInstance(Constructor.java:423)
	at org.openqa.selenium.remote.http.W3CHttpResponseCodec.createException(W3CHttpResponseCodec.java:187)
	at org.openqa.selenium.remote.http.W3CHttpResponseCodec.decode(W3CHttpResponseCodec.java:122)
	at org.openqa.selenium.remote.http.W3CHttpResponseCodec.decode(W3CHttpResponseCodec.java:49)
	at org.openqa.selenium.remote.HttpCommandExecutor.execute(HttpCommandExecutor.java:158)
	at org.openqa.selenium.remote.service.DriverCommandExecutor.execute(DriverCommandExecutor.java:83)
	at org.openqa.selenium.remote.RemoteWebDriver.execute(RemoteWebDriver.java:552)
	at org.openqa.selenium.remote.RemoteWebDriver.execute(RemoteWebDriver.java:609)
	at org.openqa.selenium.remote.RemoteWebDriver$RemoteWebDriverOptions$RemoteWindow.maximize(RemoteWebDriver.java:837)
	at objectsFactory.BasePage.InitializeDriver(BasePage.java:56)
	at com.TestCases.BaseTest.setup(BaseTest.java:19)
	at sun.reflect.NativeMethodAccessorImpl.invoke0(Native Method)
	at sun.reflect.NativeMethodAccessorImpl.invoke(NativeMethodAccessorImpl.java:62)
	at sun.reflect.DelegatingMethodAccessorImpl.invoke(DelegatingMethodAccessorImpl.java:43)
	at java.lang.reflect.Method.invoke(Method.java:498)
	at org.testng.internal.MethodInvocationHelper.invokeMethod(MethodInvocationHelper.java:80)
	at org.testng.internal.Invoker.invokeConfigurationMethod(Invoker.java:564)
	at org.testng.internal.Invoker.invokeConfigurations(Invoker.java:213)
	at org.testng.internal.Invoker.invokeMethod(Invoker.java:653)
	at org.testng.internal.Invoker.invokeTestMethod(Invoker.java:901)
	at org.testng.internal.Invoker.invokeTestMethods(Invoker.java:1231)
	at org.testng.internal.TestMethodWorker.invokeTestMethods(TestMethodWorker.java:127)
	at org.testng.internal.TestMethodWorker.run(TestMethodWorker.java:111)
	at org.testng.TestRunner.privateRun(TestRunner.java:767)
	at org.testng.TestRunner.run(TestRunner.java:617)
	at org.testng.SuiteRunner.runTest(SuiteRunner.java:334)
	at org.testng.SuiteRunner.runSequentially(SuiteRunner.java:329)
	at org.testng.SuiteRunner.privateRun(SuiteRunner.java:291)
	at org.testng.SuiteRunner.run(SuiteRunner.java:240)
	at org.testng.SuiteRunnerWorker.runSuite(SuiteRunnerWorker.java:52)
	at org.testng.SuiteRunnerWorker.run(SuiteRunnerWorker.java:86)
	at org.testng.TestNG.runSuitesSequentially(TestNG.java:1198)
	at org.testng.TestNG.runSuitesLocally(TestNG.java:1123)
	at org.testng.TestNG.run(TestNG.java:1031)
	at org.apache.maven.surefire.testng.TestNGExecutor.run(TestNGExecutor.java:284)
	at org.apache.maven.surefire.testng.TestNGXmlTestSuite.execute(TestNGXmlTestSuite.java:75)
	at org.apache.maven.surefire.testng.TestNGProvider.invoke(TestNGProvider.java:119)
	at org.apache.maven.surefire.booter.ForkedBooter.runSuitesInProcess(ForkedBooter.java:428)
	at org.apache.maven.surefire.booter.ForkedBooter.execute(ForkedBooter.java:162)
	at org.apache.maven.surefire.booter.ForkedBooter.run(ForkedBooter.java:562)
	at org.apache.maven.surefire.booter.ForkedBooter.main(ForkedBooter.java:548)
</pre></div></td>
<td>0</td>
<td>com.TestCases.Scenario4@424e1977</td></tr>
</table><p>
<table width='100%' border='1' class='invocation-skipped'>
<tr><td colspan='4' align='center'><b>SKIPPED CONFIGURATIONS</b></td></tr>
<tr><td><b>Test method</b></td>
<td width="30%"><b>Exception</b></td>
<td width="10%"><b>Time (seconds)</b></td>
<td><b>Instance</b></td>
</tr>
<tr>
<td title='com.TestCases.Scenario4.Initialize()'><b>Initialize</b><br>Test class: com.TestCases.Scenario4</td>
<td></td>
<td>0</td>
<td>com.TestCases.Scenario4@424e1977</td></tr>
<tr>
<td title='com.TestCases.Scenario5.setup()'><b>setup</b><br>Test class: com.TestCases.Scenario5</td>
<td></td>
<td>0</td>
<td>com.TestCases.Scenario5@117e949d</td></tr>
<tr>
<td title='com.TestCases.Scenario5.Initialize()'><b>Initialize</b><br>Test class: com.TestCases.Scenario5</td>
<td></td>
<td>0</td>
<td>com.TestCases.Scenario5@117e949d</td></tr>
<tr>
<td title='com.TestCases.Scenario6.setup()'><b>setup</b><br>Test class: com.TestCases.Scenario6</td>
<td></td>
<td>0</td>
<td>com.TestCases.Scenario6@6e509ffa</td></tr>
<tr>
<td title='com.TestCases.Scenario6.Signin()'><b>Signin</b><br>Test class: com.TestCases.Scenario6</td>
<td></td>
<td>0</td>
<td>com.TestCases.Scenario6@6e509ffa</td></tr>
<tr>
<td title='com.TestCases.Scenario6.setup()'><b>setup</b><br>Test class: com.TestCases.Scenario6</td>
<td></td>
<td>0</td>
<td>com.TestCases.Scenario6@6e509ffa</td></tr>
<tr>
<td title='com.TestCases.Scenario6.Signin()'><b>Signin</b><br>Test class: com.TestCases.Scenario6</td>
<td></td>
<td>0</td>
<td>com.TestCases.Scenario6@6e509ffa</td></tr>
<tr>
<td title='com.TestCases.Scenario6.setup()'><b>setup</b><br>Test class: com.TestCases.Scenario6</td>
<td></td>
<td>0</td>
<td>com.TestCases.Scenario6@6e509ffa</td></tr>
<tr>
<td title='com.TestCases.Scenario6.Signin()'><b>Signin</b><br>Test class: com.TestCases.Scenario6</td>
<td></td>
<td>0</td>
<td>com.TestCases.Scenario6@6e509ffa</td></tr>
<tr>
<td title='com.TestCases.Scenario7.setup()'><b>setup</b><br>Test class: com.TestCases.Scenario7</td>
<td></td>
<td>0</td>
<td>com.TestCases.Scenario7@1ebd319f</td></tr>
<tr>
<td title='com.TestCases.Scenario7.initialize()'><b>initialize</b><br>Test class: com.TestCases.Scenario7</td>
<td></td>
<td>0</td>
<td>com.TestCases.Scenario7@1ebd319f</td></tr>
<tr>
<td title='com.TestCases.Scenario7.setup()'><b>setup</b><br>Test class: com.TestCases.Scenario7</td>
<td></td>
<td>0</td>
<td>com.TestCases.Scenario7@1ebd319f</td></tr>
<tr>
<td title='com.TestCases.Scenario7.initialize()'><b>initialize</b><br>Test class: com.TestCases.Scenario7</td>
<td></td>
<td>0</td>
<td>com.TestCases.Scenario7@1ebd319f</td></tr>
<tr>
<td title='com.TestCases.Scenario4.setup()'><b>setup</b><br>Test class: com.TestCases.Scenario4</td>
<td></td>
<td>0</td>
<td>com.TestCases.Scenario4@424e1977</td></tr>
<tr>
<td title='com.TestCases.Scenario4.Initialize()'><b>Initialize</b><br>Test class: com.TestCases.Scenario4</td>
<td></td>
<td>0</td>
<td>com.TestCases.Scenario4@424e1977</td></tr>
<tr>
<td title='com.TestCases.Scenario4.setup()'><b>setup</b><br>Test class: com.TestCases.Scenario4</td>
<td></td>
<td>0</td>
<td>com.TestCases.Scenario4@424e1977</td></tr>
<tr>
<td title='com.TestCases.Scenario4.Initialize()'><b>Initialize</b><br>Test class: com.TestCases.Scenario4</td>
<td></td>
<td>0</td>
<td>com.TestCases.Scenario4@424e1977</td></tr>
<tr>
<td title='com.TestCases.Scenario4.setup()'><b>setup</b><br>Test class: com.TestCases.Scenario4</td>
<td></td>
<td>0</td>
<td>com.TestCases.Scenario4@424e1977</td></tr>
<tr>
<td title='com.TestCases.Scenario4.Initialize()'><b>Initialize</b><br>Test class: com.TestCases.Scenario4</td>
<td></td>
<td>0</td>
<td>com.TestCases.Scenario4@424e1977</td></tr>
<tr>
<td title='com.TestCases.Scenario4.close()'><b>close</b><br>Test class: com.TestCases.Scenario4</td>
<td></td>
<td>0</td>
<td>com.TestCases.Scenario4@424e1977</td></tr>
<tr>
<td title='com.TestCases.Scenario5.close()'><b>close</b><br>Test class: com.TestCases.Scenario5</td>
<td></td>
<td>0</td>
<td>com.TestCases.Scenario5@117e949d</td></tr>
<tr>
<td title='com.TestCases.Scenario6.close()'><b>close</b><br>Test class: com.TestCases.Scenario6</td>
<td></td>
<td>0</td>
<td>com.TestCases.Scenario6@6e509ffa</td></tr>
<tr>
<td title='com.TestCases.Scenario6.close()'><b>close</b><br>Test class: com.TestCases.Scenario6</td>
<td></td>
<td>0</td>
<td>com.TestCases.Scenario6@6e509ffa</td></tr>
<tr>
<td title='com.TestCases.Scenario6.close()'><b>close</b><br>Test class: com.TestCases.Scenario6</td>
<td></td>
<td>0</td>
<td>com.TestCases.Scenario6@6e509ffa</td></tr>
<tr>
<td title='com.TestCases.Scenario7.close()'><b>close</b><br>Test class: com.TestCases.Scenario7</td>
<td></td>
<td>0</td>
<td>com.TestCases.Scenario7@1ebd319f</td></tr>
<tr>
<td title='com.TestCases.Scenario7.close()'><b>close</b><br>Test class: com.TestCases.Scenario7</td>
<td></td>
<td>0</td>
<td>com.TestCases.Scenario7@1ebd319f</td></tr>
<tr>
<td title='com.TestCases.Scenario4.close()'><b>close</b><br>Test class: com.TestCases.Scenario4</td>
<td></td>
<td>0</td>
<td>com.TestCases.Scenario4@424e1977</td></tr>
<tr>
<td title='com.TestCases.Scenario4.close()'><b>close</b><br>Test class: com.TestCases.Scenario4</td>
<td></td>
<td>0</td>
<td>com.TestCases.Scenario4@424e1977</td></tr>
<tr>
<td title='com.TestCases.Scenario4.close()'><b>close</b><br>Test class: com.TestCases.Scenario4</td>
<td></td>
<td>0</td>
<td>com.TestCases.Scenario4@424e1977</td></tr>
</table><p>
<table width='100%' border='1' class='invocation-failed'>
<tr><td colspan='4' align='center'><b>FAILED TESTS</b></td></tr>
<tr><td><b>Test method</b></td>
<td width="30%"><b>Exception</b></td>
<td width="10%"><b>Time (seconds)</b></td>
<td><b>Instance</b></td>
</tr>
<tr>
<td title='com.TestCases.Scenario2.CheckInboxes()'><b>CheckInboxes</b><br>Test class: com.TestCases.Scenario2</td>
<td><div><pre>org.openqa.selenium.ElementNotInteractableException: element not interactable
  (Session info: chrome=91.0.4472.164)
Build info: version: &apos;3.141.59&apos;, revision: &apos;e82be7d358&apos;, time: &apos;2018-11-14T08:17:03&apos;
System info: host: &apos;LAPTOP-RRO4KGR3&apos;, ip: &apos;192.168.1.7&apos;, os.name: &apos;Windows 10&apos;, os.arch: &apos;amd64&apos;, os.version: &apos;10.0&apos;, java.version: &apos;1.8.0_144&apos;
Driver info: org.openqa.selenium.chrome.ChromeDriver
Capabilities {acceptInsecureCerts: false, browserName: chrome, browserVersion: 91.0.4472.164, chrome: {chromedriverVersion: 91.0.4472.101 (af52a90bf870..., userDataDir: C:\Users\SUMITK~1\AppData\L...}, goog:chromeOptions: {debuggerAddress: localhost:58586}, javascriptEnabled: true, networkConnectionEnabled: false, pageLoadStrategy: normal, platform: WINDOWS, platformName: WINDOWS, proxy: Proxy(), setWindowRect: true, strictFileInteractability: false, timeouts: {implicit: 0, pageLoad: 300000, script: 30000}, unhandledPromptBehavior: dismiss and notify, webauthn:extension:largeBlob: true, webauthn:virtualAuthenticators: true}
Session ID: cbbb66a7ccca815b4468ec066d521055
	at org.openqa.selenium.remote.http.W3CHttpResponseCodec.createException(W3CHttpResponseCodec.java:187)
	at org.openqa.selenium.remote.http.W3CHttpResponseCodec.decode(W3CHttpResponseCodec.java:122)
	at org.openqa.selenium.remote.http.W3CHttpResponseCodec.decode(W3CHttpResponseCodec.java:49)
	at org.openqa.selenium.remote.HttpCommandExecutor.execute(HttpCommandExecutor.java:158)
	at org.openqa.selenium.remote.service.DriverCommandExecutor.execute(DriverCommandExecutor.java:83)
	at org.openqa.selenium.remote.RemoteWebDriver.execute(RemoteWebDriver.java:552)
	at org.openqa.selenium.remote.RemoteWebElement.execute(RemoteWebElement.java:285)
	at org.openqa.selenium.remote.RemoteWebElement.click(RemoteWebElement.java:84)
	at com.TestCases.Scenario2.CheckInboxes(Scenario2.java:57)
	at org.apache.maven.surefire.testng.TestNGExecutor.run(TestNGExecutor.java:284)
	at org.apache.maven.surefire.testng.TestNGXmlTestSuite.execute(TestNGXmlTestSuite.java:75)
	at org.apache.maven.surefire.testng.TestNGProvider.invoke(TestNGProvider.java:119)
	at org.apache.maven.surefire.booter.ForkedBooter.runSuitesInProcess(ForkedBooter.java:428)
	at org.apache.maven.surefire.booter.ForkedBooter.execute(ForkedBooter.java:162)
	at org.apache.maven.surefire.booter.ForkedBooter.run(ForkedBooter.java:562)
	at org.apache.maven.surefire.booter.ForkedBooter.main(ForkedBooter.java:548)
... Removed 25 stack frames</pre></div><a href='#' onClick='toggleBox("stack-trace1048903970", this, "Click to show all stack frames", "Click to hide stack frames")'>Click to show all stack frames</a>
<div class='stack-trace' id='stack-trace1048903970'><pre>org.openqa.selenium.ElementNotInteractableException: element not interactable
  (Session info: chrome=91.0.4472.164)
Build info: version: &apos;3.141.59&apos;, revision: &apos;e82be7d358&apos;, time: &apos;2018-11-14T08:17:03&apos;
System info: host: &apos;LAPTOP-RRO4KGR3&apos;, ip: &apos;192.168.1.7&apos;, os.name: &apos;Windows 10&apos;, os.arch: &apos;amd64&apos;, os.version: &apos;10.0&apos;, java.version: &apos;1.8.0_144&apos;
Driver info: org.openqa.selenium.chrome.ChromeDriver
Capabilities {acceptInsecureCerts: false, browserName: chrome, browserVersion: 91.0.4472.164, chrome: {chromedriverVersion: 91.0.4472.101 (af52a90bf870..., userDataDir: C:\Users\SUMITK~1\AppData\L...}, goog:chromeOptions: {debuggerAddress: localhost:58586}, javascriptEnabled: true, networkConnectionEnabled: false, pageLoadStrategy: normal, platform: WINDOWS, platformName: WINDOWS, proxy: Proxy(), setWindowRect: true, strictFileInteractability: false, timeouts: {implicit: 0, pageLoad: 300000, script: 30000}, unhandledPromptBehavior: dismiss and notify, webauthn:extension:largeBlob: true, webauthn:virtualAuthenticators: true}
Session ID: cbbb66a7ccca815b4468ec066d521055
	at sun.reflect.NativeConstructorAccessorImpl.newInstance0(Native Method)
	at sun.reflect.NativeConstructorAccessorImpl.newInstance(NativeConstructorAccessorImpl.java:62)
	at sun.reflect.DelegatingConstructorAccessorImpl.newInstance(DelegatingConstructorAccessorImpl.java:45)
	at java.lang.reflect.Constructor.newInstance(Constructor.java:423)
	at org.openqa.selenium.remote.http.W3CHttpResponseCodec.createException(W3CHttpResponseCodec.java:187)
	at org.openqa.selenium.remote.http.W3CHttpResponseCodec.decode(W3CHttpResponseCodec.java:122)
	at org.openqa.selenium.remote.http.W3CHttpResponseCodec.decode(W3CHttpResponseCodec.java:49)
	at org.openqa.selenium.remote.HttpCommandExecutor.execute(HttpCommandExecutor.java:158)
	at org.openqa.selenium.remote.service.DriverCommandExecutor.execute(DriverCommandExecutor.java:83)
	at org.openqa.selenium.remote.RemoteWebDriver.execute(RemoteWebDriver.java:552)
	at org.openqa.selenium.remote.RemoteWebElement.execute(RemoteWebElement.java:285)
	at org.openqa.selenium.remote.RemoteWebElement.click(RemoteWebElement.java:84)
	at com.TestCases.Scenario2.CheckInboxes(Scenario2.java:57)
	at sun.reflect.NativeMethodAccessorImpl.invoke0(Native Method)
	at sun.reflect.NativeMethodAccessorImpl.invoke(NativeMethodAccessorImpl.java:62)
	at sun.reflect.DelegatingMethodAccessorImpl.invoke(DelegatingMethodAccessorImpl.java:43)
	at java.lang.reflect.Method.invoke(Method.java:498)
	at org.testng.internal.MethodInvocationHelper.invokeMethod(MethodInvocationHelper.java:80)
	at org.testng.internal.Invoker.invokeMethod(Invoker.java:714)
	at org.testng.internal.Invoker.invokeTestMethod(Invoker.java:901)
	at org.testng.internal.Invoker.invokeTestMethods(Invoker.java:1231)
	at org.testng.internal.TestMethodWorker.invokeTestMethods(TestMethodWorker.java:127)
	at org.testng.internal.TestMethodWorker.run(TestMethodWorker.java:111)
	at org.testng.TestRunner.privateRun(TestRunner.java:767)
	at org.testng.TestRunner.run(TestRunner.java:617)
	at org.testng.SuiteRunner.runTest(SuiteRunner.java:334)
	at org.testng.SuiteRunner.runSequentially(SuiteRunner.java:329)
	at org.testng.SuiteRunner.privateRun(SuiteRunner.java:291)
	at org.testng.SuiteRunner.run(SuiteRunner.java:240)
	at org.testng.SuiteRunnerWorker.runSuite(SuiteRunnerWorker.java:52)
	at org.testng.SuiteRunnerWorker.run(SuiteRunnerWorker.java:86)
	at org.testng.TestNG.runSuitesSequentially(TestNG.java:1198)
	at org.testng.TestNG.runSuitesLocally(TestNG.java:1123)
	at org.testng.TestNG.run(TestNG.java:1031)
	at org.apache.maven.surefire.testng.TestNGExecutor.run(TestNGExecutor.java:284)
	at org.apache.maven.surefire.testng.TestNGXmlTestSuite.execute(TestNGXmlTestSuite.java:75)
	at org.apache.maven.surefire.testng.TestNGProvider.invoke(TestNGProvider.java:119)
	at org.apache.maven.surefire.booter.ForkedBooter.runSuitesInProcess(ForkedBooter.java:428)
	at org.apache.maven.surefire.booter.ForkedBooter.execute(ForkedBooter.java:162)
	at org.apache.maven.surefire.booter.ForkedBooter.run(ForkedBooter.java:562)
	at org.apache.maven.surefire.booter.ForkedBooter.main(ForkedBooter.java:548)
</pre></div></td>
<td>58</td>
<td>com.TestCases.Scenario2@15ca7889</td></tr>
<tr>
<td title='com.TestCases.Scenario2.ValidateQuantity()'><b>ValidateQuantity</b><br>Test class: com.TestCases.Scenario2</td>
<td><div><pre>java.lang.AssertionError: expected [2] but found [2]
	at com.TestCases.Scenario2.ValidateQuantity(Scenario2.java:40)
	at org.apache.maven.surefire.testng.TestNGExecutor.run(TestNGExecutor.java:284)
	at org.apache.maven.surefire.testng.TestNGXmlTestSuite.execute(TestNGXmlTestSuite.java:75)
	at org.apache.maven.surefire.testng.TestNGProvider.invoke(TestNGProvider.java:119)
	at org.apache.maven.surefire.booter.ForkedBooter.runSuitesInProcess(ForkedBooter.java:428)
	at org.apache.maven.surefire.booter.ForkedBooter.execute(ForkedBooter.java:162)
	at org.apache.maven.surefire.booter.ForkedBooter.run(ForkedBooter.java:562)
	at org.apache.maven.surefire.booter.ForkedBooter.main(ForkedBooter.java:548)
... Removed 25 stack frames</pre></div><a href='#' onClick='toggleBox("stack-trace1857562888", this, "Click to show all stack frames", "Click to hide stack frames")'>Click to show all stack frames</a>
<div class='stack-trace' id='stack-trace1857562888'><pre>java.lang.AssertionError: expected [2] but found [2]
	at org.testng.Assert.fail(Assert.java:94)
	at org.testng.Assert.failNotEquals(Assert.java:494)
	at org.testng.Assert.assertEquals(Assert.java:123)
	at org.testng.Assert.assertEquals(Assert.java:165)
	at com.TestCases.Scenario2.ValidateQuantity(Scenario2.java:40)
	at sun.reflect.NativeMethodAccessorImpl.invoke0(Native Method)
	at sun.reflect.NativeMethodAccessorImpl.invoke(NativeMethodAccessorImpl.java:62)
	at sun.reflect.DelegatingMethodAccessorImpl.invoke(DelegatingMethodAccessorImpl.java:43)
	at java.lang.reflect.Method.invoke(Method.java:498)
	at org.testng.internal.MethodInvocationHelper.invokeMethod(MethodInvocationHelper.java:80)
	at org.testng.internal.Invoker.invokeMethod(Invoker.java:714)
	at org.testng.internal.Invoker.invokeTestMethod(Invoker.java:901)
	at org.testng.internal.Invoker.invokeTestMethods(Invoker.java:1231)
	at org.testng.internal.TestMethodWorker.invokeTestMethods(TestMethodWorker.java:127)
	at org.testng.internal.TestMethodWorker.run(TestMethodWorker.java:111)
	at org.testng.TestRunner.privateRun(TestRunner.java:767)
	at org.testng.TestRunner.run(TestRunner.java:617)
	at org.testng.SuiteRunner.runTest(SuiteRunner.java:334)
	at org.testng.SuiteRunner.runSequentially(SuiteRunner.java:329)
	at org.testng.SuiteRunner.privateRun(SuiteRunner.java:291)
	at org.testng.SuiteRunner.run(SuiteRunner.java:240)
	at org.testng.SuiteRunnerWorker.runSuite(SuiteRunnerWorker.java:52)
	at org.testng.SuiteRunnerWorker.run(SuiteRunnerWorker.java:86)
	at org.testng.TestNG.runSuitesSequentially(TestNG.java:1198)
	at org.testng.TestNG.runSuitesLocally(TestNG.java:1123)
	at org.testng.TestNG.run(TestNG.java:1031)
	at org.apache.maven.surefire.testng.TestNGExecutor.run(TestNGExecutor.java:284)
	at org.apache.maven.surefire.testng.TestNGXmlTestSuite.execute(TestNGXmlTestSuite.java:75)
	at org.apache.maven.surefire.testng.TestNGProvider.invoke(TestNGProvider.java:119)
	at org.apache.maven.surefire.booter.ForkedBooter.runSuitesInProcess(ForkedBooter.java:428)
	at org.apache.maven.surefire.booter.ForkedBooter.execute(ForkedBooter.java:162)
	at org.apache.maven.surefire.booter.ForkedBooter.run(ForkedBooter.java:562)
	at org.apache.maven.surefire.booter.ForkedBooter.main(ForkedBooter.java:548)
</pre></div></td>
<td>43</td>
<td>com.TestCases.Scenario2@15ca7889</td></tr>
</table><p>
<table width='100%' border='1' class='invocation-passed'>
<tr><td colspan='4' align='center'><b>PASSED TESTS</b></td></tr>
<tr><td><b>Test method</b></td>
<td width="30%"><b>Exception</b></td>
<td width="10%"><b>Time (seconds)</b></td>
<td><b>Instance</b></td>
</tr>
<tr>
<td title='com.TestCases.Scenario1.T1()'><b>T1</b><br>Test class: com.TestCases.Scenario1</td>
<td></td>
<td>0</td>
<td>com.TestCases.Scenario1@5f8edcc5</td></tr>
<tr>
<td title='com.TestCases.Scenario3.T1()'><b>T1</b><br>Test class: com.TestCases.Scenario3</td>
<td></td>
<td>46</td>
<td>com.TestCases.Scenario3@38102d01</td></tr>
<tr>
<td title='com.TestCases.Scenario1.T2_T3()'><b>T2_T3</b><br>Test class: com.TestCases.Scenario1</td>
<td></td>
<td>0</td>
<td>com.TestCases.Scenario1@5f8edcc5</td></tr>
<tr>
<td title='com.TestCases.Scenario1.T4()'><b>T4</b><br>Test class: com.TestCases.Scenario1</td>
<td></td>
<td>12</td>
<td>com.TestCases.Scenario1@5f8edcc5</td></tr>
<tr>
<td title='com.TestCases.Scenario2.displayed()'><b>displayed</b><br>Test class: com.TestCases.Scenario2</td>
<td></td>
<td>5</td>
<td>com.TestCases.Scenario2@15ca7889</td></tr>
</table><p>
<table width='100%' border='1' class='invocation-skipped'>
<tr><td colspan='4' align='center'><b>SKIPPED TESTS</b></td></tr>
<tr><td><b>Test method</b></td>
<td width="30%"><b>Exception</b></td>
<td width="10%"><b>Time (seconds)</b></td>
<td><b>Instance</b></td>
</tr>
<tr>
<td title='com.TestCases.Scenario7.CountryLinks()'><b>CountryLinks</b><br>Test class: com.TestCases.Scenario7</td>
<td></td>
<td>0</td>
<td>com.TestCases.Scenario7@1ebd319f</td></tr>
<tr>
<td title='com.TestCases.Scenario4.DeleteItems()'><b>DeleteItems</b><br>Test class: com.TestCases.Scenario4</td>
<td></td>
<td>0</td>
<td>com.TestCases.Scenario4@424e1977</td></tr>
<tr>
<td title='com.TestCases.Scenario6.SignIn()'><b>SignIn</b><br>Test class: com.TestCases.Scenario6</td>
<td></td>
<td>0</td>
<td>com.TestCases.Scenario6@6e509ffa</td></tr>
<tr>
<td title='com.TestCases.Scenario6.SignOut()'><b>SignOut</b><br>Test class: com.TestCases.Scenario6</td>
<td></td>
<td>0</td>
<td>com.TestCases.Scenario6@6e509ffa</td></tr>
<tr>
<td title='com.TestCases.Scenario5.T1()'><b>T1</b><br>Test class: com.TestCases.Scenario5</td>
<td></td>
<td>0</td>
<td>com.TestCases.Scenario5@117e949d</td></tr>
<tr>
<td title='com.TestCases.Scenario4.ValidateCount()'><b>ValidateCount</b><br>Test class: com.TestCases.Scenario4</td>
<td></td>
<td>0</td>
<td>com.TestCases.Scenario4@424e1977</td></tr>
<tr>
<td title='com.TestCases.Scenario4.ValidateLabel()'><b>ValidateLabel</b><br>Test class: com.TestCases.Scenario4</td>
<td></td>
<td>0</td>
<td>com.TestCases.Scenario4@424e1977</td></tr>
<tr>
<td title='com.TestCases.Scenario6.WrongCredentials()'><b>WrongCredentials</b><br>Test class: com.TestCases.Scenario6</td>
<td></td>
<td>0</td>
<td>com.TestCases.Scenario6@6e509ffa</td></tr>
<tr>
<td title='com.TestCases.Scenario7.fOOTERLINKS()'><b>fOOTERLINKS</b><br>Test class: com.TestCases.Scenario7</td>
<td></td>
<td>0</td>
<td>com.TestCases.Scenario7@1ebd319f</td></tr>
<tr>
<td title='com.TestCases.Scenario4.validatePrice()'><b>validatePrice</b><br>Test class: com.TestCases.Scenario4</td>
<td></td>
<td>0</td>
<td>com.TestCases.Scenario4@424e1977</td></tr>
</table><p>
</body>
</html>