<?xml version="1.0" encoding="UTF-8"?>
<!-- Generated by org.testng.reporters.JUnitXMLReporter -->
<testsuite hostname="LAPTOP-RRO4KGR3" name="Test" tests="17" failures="2" timestamp="23 Jul 2021 16:13:09 GMT" time="520.981" errors="0">
  <testcase name="@BeforeMethod setup" time="0.0" classname="com.TestCases.Scenario4">
    <failure type="org.openqa.selenium.NoSuchWindowException" message="no such window: target window already closed
from unknown error: web view not found
  (Session info: chrome=91.0.4472.164)
Build info: version: &amp;apos;3.141.59&amp;apos;, revision: &amp;apos;e82be7d358&amp;apos;, time: &amp;apos;2018-11-14T08:17:03&amp;apos;
System info: host: &amp;apos;LAPTOP-RRO4KGR3&amp;apos;, ip: &amp;apos;192.168.1.7&amp;apos;, os.name: &amp;apos;Windows 10&amp;apos;, os.arch: &amp;apos;amd64&amp;apos;, os.version: &amp;apos;10.0&amp;apos;, java.version: &amp;apos;1.8.0_144&amp;apos;
Driver info: org.openqa.selenium.chrome.ChromeDriver
Capabilities {acceptInsecureCerts: false, browserName: chrome, browserVersion: 91.0.4472.164, chrome: {chromedriverVersion: 91.0.4472.101 (af52a90bf870..., userDataDir: C:\Users\SUMITK~1\AppData\L...}, goog:chromeOptions: {debuggerAddress: localhost:58429}, javascriptEnabled: true, networkConnectionEnabled: false, pageLoadStrategy: normal, platform: WINDOWS, platformName: WINDOWS, proxy: Proxy(), setWindowRect: true, strictFileInteractability: false, timeouts: {implicit: 0, pageLoad: 300000, script: 30000}, unhandledPromptBehavior: dismiss and notify, webauthn:extension:largeBlob: true, webauthn:virtualAuthenticators: true}
Session ID: ce3ada324e97f4f96f154cdfc80cf34b">
      <![CDATA[org.openqa.selenium.NoSuchWindowException: no such window: target window already closed
from unknown error: web view not found
  (Session info: chrome=91.0.4472.164)
Build info: version: '3.141.59', revision: 'e82be7d358', time: '2018-11-14T08:17:03'
System info: host: 'LAPTOP-RRO4KGR3', ip: '192.168.1.7', os.name: 'Windows 10', os.arch: 'amd64', os.version: '10.0', java.version: '1.8.0_144'
Driver info: org.openqa.selenium.chrome.ChromeDriver
Capabilities {acceptInsecureCerts: false, browserName: chrome, browserVersion: 91.0.4472.164, chrome: {chromedriverVersion: 91.0.4472.101 (af52a90bf870..., userDataDir: C:\Users\SUMITK~1\AppData\L...}, goog:chromeOptions: {debuggerAddress: localhost:58429}, javascriptEnabled: true, networkConnectionEnabled: false, pageLoadStrategy: normal, platform: WINDOWS, platformName: WINDOWS, proxy: Proxy(), setWindowRect: true, strictFileInteractability: false, timeouts: {implicit: 0, pageLoad: 300000, script: 30000}, unhandledPromptBehavior: dismiss and notify, webauthn:extension:largeBlob: true, webauthn:virtualAuthenticators: true}
Session ID: ce3ada324e97f4f96f154cdfc80cf34b
	at org.openqa.selenium.remote.http.W3CHttpResponseCodec.createException(W3CHttpResponseCodec.java:187)
	at org.openqa.selenium.remote.http.W3CHttpResponseCodec.decode(W3CHttpResponseCodec.java:122)
	at org.openqa.selenium.remote.http.W3CHttpResponseCodec.decode(W3CHttpResponseCodec.java:49)
	at org.openqa.selenium.remote.HttpCommandExecutor.execute(HttpCommandExecutor.java:158)
	at org.openqa.selenium.remote.service.DriverCommandExecutor.execute(DriverCommandExecutor.java:83)
	at org.openqa.selenium.remote.RemoteWebDriver.execute(RemoteWebDriver.java:552)
	at org.openqa.selenium.remote.RemoteWebDriver.execute(RemoteWebDriver.java:609)
	at org.openqa.selenium.remote.RemoteWebDriver$RemoteWebDriverOptions$RemoteWindow.maximize(RemoteWebDriver.java:837)
	at objectsFactory.BasePage.InitializeDriver(BasePage.java:56)
	at com.TestCases.BaseTest.setup(BaseTest.java:19)
	at org.apache.maven.surefire.testng.TestNGExecutor.run(TestNGExecutor.java:284)
	at org.apache.maven.surefire.testng.TestNGXmlTestSuite.execute(TestNGXmlTestSuite.java:75)
	at org.apache.maven.surefire.testng.TestNGProvider.invoke(TestNGProvider.java:119)
	at org.apache.maven.surefire.booter.ForkedBooter.runSuitesInProcess(ForkedBooter.java:428)
	at org.apache.maven.surefire.booter.ForkedBooter.execute(ForkedBooter.java:162)
	at org.apache.maven.surefire.booter.ForkedBooter.run(ForkedBooter.java:562)
	at org.apache.maven.surefire.booter.ForkedBooter.main(ForkedBooter.java:548)
... Removed 27 stack frames]]>
    </failure>
  </testcase> <!-- @BeforeMethod setup -->
  <testcase name="@BeforeMethod Initialize" time="0.0" classname="com.TestCases.Scenario4">
    <skipped/>
  </testcase> <!-- @BeforeMethod Initialize -->
  <testcase name="@AfterMethod close" time="0.0" classname="com.TestCases.Scenario4">
    <skipped/>
  </testcase> <!-- @AfterMethod close -->
  <testcase name="@BeforeMethod setup" time="0.0" classname="com.TestCases.Scenario5">
    <skipped/>
  </testcase> <!-- @BeforeMethod setup -->
  <testcase name="@BeforeMethod Initialize" time="0.0" classname="com.TestCases.Scenario5">
    <skipped/>
  </testcase> <!-- @BeforeMethod Initialize -->
  <testcase name="@AfterMethod close" time="0.0" classname="com.TestCases.Scenario5">
    <skipped/>
  </testcase> <!-- @AfterMethod close -->
  <testcase name="@BeforeMethod setup" time="0.0" classname="com.TestCases.Scenario6">
    <skipped/>
  </testcase> <!-- @BeforeMethod setup -->
  <testcase name="@BeforeMethod Signin" time="0.0" classname="com.TestCases.Scenario6">
    <skipped/>
  </testcase> <!-- @BeforeMethod Signin -->
  <testcase name="@AfterMethod close" time="0.0" classname="com.TestCases.Scenario6">
    <skipped/>
  </testcase> <!-- @AfterMethod close -->
  <testcase name="@BeforeMethod setup" time="0.0" classname="com.TestCases.Scenario6">
    <skipped/>
  </testcase> <!-- @BeforeMethod setup -->
  <testcase name="@BeforeMethod Signin" time="0.0" classname="com.TestCases.Scenario6">
    <skipped/>
  </testcase> <!-- @BeforeMethod Signin -->
  <testcase name="@AfterMethod close" time="0.0" classname="com.TestCases.Scenario6">
    <skipped/>
  </testcase> <!-- @AfterMethod close -->
  <testcase name="@BeforeMethod setup" time="0.0" classname="com.TestCases.Scenario6">
    <skipped/>
  </testcase> <!-- @BeforeMethod setup -->
  <testcase name="@BeforeMethod Signin" time="0.0" classname="com.TestCases.Scenario6">
    <skipped/>
  </testcase> <!-- @BeforeMethod Signin -->
  <testcase name="@AfterMethod close" time="0.0" classname="com.TestCases.Scenario6">
    <skipped/>
  </testcase> <!-- @AfterMethod close -->
  <testcase name="@BeforeMethod setup" time="0.0" classname="com.TestCases.Scenario7">
    <skipped/>
  </testcase> <!-- @BeforeMethod setup -->
  <testcase name="@BeforeMethod initialize" time="0.0" classname="com.TestCases.Scenario7">
    <skipped/>
  </testcase> <!-- @BeforeMethod initialize -->
  <testcase name="@AfterMethod close" time="0.0" classname="com.TestCases.Scenario7">
    <skipped/>
  </testcase> <!-- @AfterMethod close -->
  <testcase name="@BeforeMethod setup" time="0.0" classname="com.TestCases.Scenario7">
    <skipped/>
  </testcase> <!-- @BeforeMethod setup -->
  <testcase name="@BeforeMethod initialize" time="0.0" classname="com.TestCases.Scenario7">
    <skipped/>
  </testcase> <!-- @BeforeMethod initialize -->
  <testcase name="@AfterMethod close" time="0.0" classname="com.TestCases.Scenario7">
    <skipped/>
  </testcase> <!-- @AfterMethod close -->
  <testcase name="@BeforeMethod setup" time="0.0" classname="com.TestCases.Scenario4">
    <skipped/>
  </testcase> <!-- @BeforeMethod setup -->
  <testcase name="@BeforeMethod Initialize" time="0.0" classname="com.TestCases.Scenario4">
    <skipped/>
  </testcase> <!-- @BeforeMethod Initialize -->
  <testcase name="@AfterMethod close" time="0.0" classname="com.TestCases.Scenario4">
    <skipped/>
  </testcase> <!-- @AfterMethod close -->
  <testcase name="@BeforeMethod setup" time="0.0" classname="com.TestCases.Scenario4">
    <skipped/>
  </testcase> <!-- @BeforeMethod setup -->
  <testcase name="@BeforeMethod Initialize" time="0.0" classname="com.TestCases.Scenario4">
    <skipped/>
  </testcase> <!-- @BeforeMethod Initialize -->
  <testcase name="@AfterMethod close" time="0.0" classname="com.TestCases.Scenario4">
    <skipped/>
  </testcase> <!-- @AfterMethod close -->
  <testcase name="@BeforeMethod setup" time="0.0" classname="com.TestCases.Scenario4">
    <skipped/>
  </testcase> <!-- @BeforeMethod setup -->
  <testcase name="@BeforeMethod Initialize" time="0.0" classname="com.TestCases.Scenario4">
    <skipped/>
  </testcase> <!-- @BeforeMethod Initialize -->
  <testcase name="@AfterMethod close" time="0.0" classname="com.TestCases.Scenario4">
    <skipped/>
  </testcase> <!-- @AfterMethod close -->
  <testcase name="T1" time="0.394" classname="com.TestCases.Scenario1"/>
  <testcase name="T2_T3" time="0.474" classname="com.TestCases.Scenario1"/>
  <testcase name="T4" time="12.069" classname="com.TestCases.Scenario1"/>
  <testcase name="CheckInboxes" time="58.366" classname="com.TestCases.Scenario2">
    <failure type="org.openqa.selenium.ElementNotInteractableException" message="element not interactable
  (Session info: chrome=91.0.4472.164)
Build info: version: &amp;apos;3.141.59&amp;apos;, revision: &amp;apos;e82be7d358&amp;apos;, time: &amp;apos;2018-11-14T08:17:03&amp;apos;
System info: host: &amp;apos;LAPTOP-RRO4KGR3&amp;apos;, ip: &amp;apos;192.168.1.7&amp;apos;, os.name: &amp;apos;Windows 10&amp;apos;, os.arch: &amp;apos;amd64&amp;apos;, os.version: &amp;apos;10.0&amp;apos;, java.version: &amp;apos;1.8.0_144&amp;apos;
Driver info: org.openqa.selenium.chrome.ChromeDriver
Capabilities {acceptInsecureCerts: false, browserName: chrome, browserVersion: 91.0.4472.164, chrome: {chromedriverVersion: 91.0.4472.101 (af52a90bf870..., userDataDir: C:\Users\SUMITK~1\AppData\L...}, goog:chromeOptions: {debuggerAddress: localhost:58586}, javascriptEnabled: true, networkConnectionEnabled: false, pageLoadStrategy: normal, platform: WINDOWS, platformName: WINDOWS, proxy: Proxy(), setWindowRect: true, strictFileInteractability: false, timeouts: {implicit: 0, pageLoad: 300000, script: 30000}, unhandledPromptBehavior: dismiss and notify, webauthn:extension:largeBlob: true, webauthn:virtualAuthenticators: true}
Session ID: cbbb66a7ccca815b4468ec066d521055">
      <![CDATA[org.openqa.selenium.ElementNotInteractableException: element not interactable
  (Session info: chrome=91.0.4472.164)
Build info: version: '3.141.59', revision: 'e82be7d358', time: '2018-11-14T08:17:03'
System info: host: 'LAPTOP-RRO4KGR3', ip: '192.168.1.7', os.name: 'Windows 10', os.arch: 'amd64', os.version: '10.0', java.version: '1.8.0_144'
Driver info: org.openqa.selenium.chrome.ChromeDriver
Capabilities {acceptInsecureCerts: false, browserName: chrome, browserVersion: 91.0.4472.164, chrome: {chromedriverVersion: 91.0.4472.101 (af52a90bf870..., userDataDir: C:\Users\SUMITK~1\AppData\L...}, goog:chromeOptions: {debuggerAddress: localhost:58586}, javascriptEnabled: true, networkConnectionEnabled: false, pageLoadStrategy: normal, platform: WINDOWS, platformName: WINDOWS, proxy: Proxy(), setWindowRect: true, strictFileInteractability: false, timeouts: {implicit: 0, pageLoad: 300000, script: 30000}, unhandledPromptBehavior: dismiss and notify, webauthn:extension:largeBlob: true, webauthn:virtualAuthenticators: true}
Session ID: cbbb66a7ccca815b4468ec066d521055
	at org.openqa.selenium.remote.http.W3CHttpResponseCodec.createException(W3CHttpResponseCodec.java:187)
	at org.openqa.selenium.remote.http.W3CHttpResponseCodec.decode(W3CHttpResponseCodec.java:122)
	at org.openqa.selenium.remote.http.W3CHttpResponseCodec.decode(W3CHttpResponseCodec.java:49)
	at org.openqa.selenium.remote.HttpCommandExecutor.execute(HttpCommandExecutor.java:158)
	at org.openqa.selenium.remote.service.DriverCommandExecutor.execute(DriverCommandExecutor.java:83)
	at org.openqa.selenium.remote.RemoteWebDriver.execute(RemoteWebDriver.java:552)
	at org.openqa.selenium.remote.RemoteWebElement.execute(RemoteWebElement.java:285)
	at org.openqa.selenium.remote.RemoteWebElement.click(RemoteWebElement.java:84)
	at com.TestCases.Scenario2.CheckInboxes(Scenario2.java:57)
	at org.apache.maven.surefire.testng.TestNGExecutor.run(TestNGExecutor.java:284)
	at org.apache.maven.surefire.testng.TestNGXmlTestSuite.execute(TestNGXmlTestSuite.java:75)
	at org.apache.maven.surefire.testng.TestNGProvider.invoke(TestNGProvider.java:119)
	at org.apache.maven.surefire.booter.ForkedBooter.runSuitesInProcess(ForkedBooter.java:428)
	at org.apache.maven.surefire.booter.ForkedBooter.execute(ForkedBooter.java:162)
	at org.apache.maven.surefire.booter.ForkedBooter.run(ForkedBooter.java:562)
	at org.apache.maven.surefire.booter.ForkedBooter.main(ForkedBooter.java:548)
... Removed 25 stack frames]]>
    </failure>
  </testcase> <!-- CheckInboxes -->
  <testcase name="ValidateQuantity" time="43.312" classname="com.TestCases.Scenario2">
    <failure type="java.lang.AssertionError" message="expected [2] but found [2]">
      <![CDATA[java.lang.AssertionError: expected [2] but found [2]
	at com.TestCases.Scenario2.ValidateQuantity(Scenario2.java:40)
	at org.apache.maven.surefire.testng.TestNGExecutor.run(TestNGExecutor.java:284)
	at org.apache.maven.surefire.testng.TestNGXmlTestSuite.execute(TestNGXmlTestSuite.java:75)
	at org.apache.maven.surefire.testng.TestNGProvider.invoke(TestNGProvider.java:119)
	at org.apache.maven.surefire.booter.ForkedBooter.runSuitesInProcess(ForkedBooter.java:428)
	at org.apache.maven.surefire.booter.ForkedBooter.execute(ForkedBooter.java:162)
	at org.apache.maven.surefire.booter.ForkedBooter.run(ForkedBooter.java:562)
	at org.apache.maven.surefire.booter.ForkedBooter.main(ForkedBooter.java:548)
... Removed 25 stack frames]]>
    </failure>
  </testcase> <!-- ValidateQuantity -->
  <testcase name="displayed" time="5.153" classname="com.TestCases.Scenario2"/>
  <testcase name="T1" time="46.985" classname="com.TestCases.Scenario3"/>
  <testcase name="ValidateLabel" time="0.0" classname="com.TestCases.Scenario4">
    <skipped/>
  </testcase> <!-- ValidateLabel -->
  <testcase name="T1" time="0.0" classname="com.TestCases.Scenario5">
    <skipped/>
  </testcase> <!-- T1 -->
  <testcase name="SignIn" time="0.0" classname="com.TestCases.Scenario6">
    <skipped/>
  </testcase> <!-- SignIn -->
  <testcase name="SignOut" time="0.0" classname="com.TestCases.Scenario6">
    <skipped/>
  </testcase> <!-- SignOut -->
  <testcase name="WrongCredentials" time="0.0" classname="com.TestCases.Scenario6">
    <skipped/>
  </testcase> <!-- WrongCredentials -->
  <testcase name="CountryLinks" time="0.0" classname="com.TestCases.Scenario7">
    <skipped/>
  </testcase> <!-- CountryLinks -->
  <testcase name="fOOTERLINKS" time="0.0" classname="com.TestCases.Scenario7">
    <skipped/>
  </testcase> <!-- fOOTERLINKS -->
  <testcase name="ValidateCount" time="0.0" classname="com.TestCases.Scenario4">
    <skipped/>
  </testcase> <!-- ValidateCount -->
  <testcase name="DeleteItems" time="0.001" classname="com.TestCases.Scenario4">
    <skipped/>
  </testcase> <!-- DeleteItems -->
  <testcase name="validatePrice" time="0.0" classname="com.TestCases.Scenario4">
    <skipped/>
  </testcase> <!-- validatePrice -->
</testsuite> <!-- Test -->
