<?xml version="1.0" encoding="UTF-8"?>
<testng-results skipped="10" failed="2" total="17" passed="5">
  <reporter-output>
  </reporter-output>
  <suite name="Suite" duration-ms="520981" started-at="2021-07-23T16:04:28Z" finished-at="2021-07-23T16:13:09Z">
    <groups>
    </groups>
    <test name="Test" duration-ms="520981" started-at="2021-07-23T16:04:28Z" finished-at="2021-07-23T16:13:09Z">
      <class name="com.TestCases.Scenario6">
        <test-method status="SKIP" signature="Signin(java.lang.String, java.lang.String)[pri:0, instance:com.TestCases.Scenario6@6e509ffa]" name="Signin" is-config="true" duration-ms="0" started-at="2021-07-23T21:43:09Z" finished-at="2021-07-23T21:43:09Z">
          <reporter-output>
          </reporter-output>
        </test-method> <!-- Signin -->
        <test-method status="SKIP" signature="setup()[pri:0, instance:com.TestCases.Scenario6@6e509ffa]" name="setup" is-config="true" duration-ms="0" started-at="2021-07-23T21:43:09Z" finished-at="2021-07-23T21:43:09Z">
          <reporter-output>
          </reporter-output>
        </test-method> <!-- setup -->
        <test-method status="SKIP" signature="SignIn()[pri:0, instance:com.TestCases.Scenario6@6e509ffa]" name="SignIn" duration-ms="0" started-at="2021-07-23T21:43:09Z" finished-at="2021-07-23T21:43:09Z">
          <reporter-output>
          </reporter-output>
        </test-method> <!-- SignIn -->
        <test-method status="SKIP" signature="close()[pri:0, instance:com.TestCases.Scenario6@6e509ffa]" name="close" is-config="true" duration-ms="0" started-at="2021-07-23T21:43:09Z" finished-at="2021-07-23T21:43:09Z">
          <reporter-output>
          </reporter-output>
        </test-method> <!-- close -->
        <test-method status="SKIP" signature="setup()[pri:0, instance:com.TestCases.Scenario6@6e509ffa]" name="setup" is-config="true" duration-ms="0" started-at="2021-07-23T21:43:09Z" finished-at="2021-07-23T21:43:09Z">
          <reporter-output>
          </reporter-output>
        </test-method> <!-- setup -->
        <test-method status="SKIP" signature="setup()[pri:0, instance:com.TestCases.Scenario6@6e509ffa]" name="setup" is-config="true" duration-ms="0" started-at="2021-07-23T21:43:09Z" finished-at="2021-07-23T21:43:09Z">
          <reporter-output>
          </reporter-output>
        </test-method> <!-- setup -->
        <test-method status="SKIP" signature="close()[pri:0, instance:com.TestCases.Scenario6@6e509ffa]" name="close" is-config="true" duration-ms="0" started-at="2021-07-23T21:43:09Z" finished-at="2021-07-23T21:43:09Z">
          <reporter-output>
          </reporter-output>
        </test-method> <!-- close -->
        <test-method status="SKIP" signature="Signin(java.lang.String, java.lang.String)[pri:0, instance:com.TestCases.Scenario6@6e509ffa]" name="Signin" is-config="true" duration-ms="0" started-at="2021-07-23T21:43:09Z" finished-at="2021-07-23T21:43:09Z">
          <reporter-output>
          </reporter-output>
        </test-method> <!-- Signin -->
        <test-method status="SKIP" signature="SignOut()[pri:0, instance:com.TestCases.Scenario6@6e509ffa]" name="SignOut" duration-ms="0" started-at="2021-07-23T21:43:09Z" finished-at="2021-07-23T21:43:09Z">
          <reporter-output>
          </reporter-output>
        </test-method> <!-- SignOut -->
        <test-method status="SKIP" signature="close()[pri:0, instance:com.TestCases.Scenario6@6e509ffa]" name="close" is-config="true" duration-ms="0" started-at="2021-07-23T21:43:09Z" finished-at="2021-07-23T21:43:09Z">
          <reporter-output>
          </reporter-output>
        </test-method> <!-- close -->
        <test-method status="SKIP" signature="WrongCredentials()[pri:0, instance:com.TestCases.Scenario6@6e509ffa]" name="WrongCredentials" duration-ms="0" started-at="2021-07-23T21:43:09Z" finished-at="2021-07-23T21:43:09Z">
          <reporter-output>
          </reporter-output>
        </test-method> <!-- WrongCredentials -->
        <test-method status="SKIP" signature="Signin(java.lang.String, java.lang.String)[pri:0, instance:com.TestCases.Scenario6@6e509ffa]" name="Signin" is-config="true" duration-ms="0" started-at="2021-07-23T21:43:09Z" finished-at="2021-07-23T21:43:09Z">
          <reporter-output>
          </reporter-output>
        </test-method> <!-- Signin -->
      </class> <!-- com.TestCases.Scenario6 -->
      <class name="com.TestCases.Scenario7">
        <test-method status="SKIP" signature="setup()[pri:0, instance:com.TestCases.Scenario7@1ebd319f]" name="setup" is-config="true" duration-ms="0" started-at="2021-07-23T21:43:09Z" finished-at="2021-07-23T21:43:09Z">
          <reporter-output>
          </reporter-output>
        </test-method> <!-- setup -->
        <test-method status="SKIP" signature="CountryLinks()[pri:0, instance:com.TestCases.Scenario7@1ebd319f]" name="CountryLinks" duration-ms="0" started-at="2021-07-23T21:43:09Z" finished-at="2021-07-23T21:43:09Z">
          <reporter-output>
          </reporter-output>
        </test-method> <!-- CountryLinks -->
        <test-method status="SKIP" signature="initialize()[pri:0, instance:com.TestCases.Scenario7@1ebd319f]" name="initialize" is-config="true" duration-ms="0" started-at="2021-07-23T21:43:09Z" finished-at="2021-07-23T21:43:09Z">
          <reporter-output>
          </reporter-output>
        </test-method> <!-- initialize -->
        <test-method status="SKIP" signature="close()[pri:0, instance:com.TestCases.Scenario7@1ebd319f]" name="close" is-config="true" duration-ms="0" started-at="2021-07-23T21:43:09Z" finished-at="2021-07-23T21:43:09Z">
          <reporter-output>
          </reporter-output>
        </test-method> <!-- close -->
        <test-method status="SKIP" signature="initialize()[pri:0, instance:com.TestCases.Scenario7@1ebd319f]" name="initialize" is-config="true" duration-ms="0" started-at="2021-07-23T21:43:09Z" finished-at="2021-07-23T21:43:09Z">
          <reporter-output>
          </reporter-output>
        </test-method> <!-- initialize -->
        <test-method status="SKIP" signature="setup()[pri:0, instance:com.TestCases.Scenario7@1ebd319f]" name="setup" is-config="true" duration-ms="0" started-at="2021-07-23T21:43:09Z" finished-at="2021-07-23T21:43:09Z">
          <reporter-output>
          </reporter-output>
        </test-method> <!-- setup -->
        <test-method status="SKIP" signature="close()[pri:0, instance:com.TestCases.Scenario7@1ebd319f]" name="close" is-config="true" duration-ms="0" started-at="2021-07-23T21:43:09Z" finished-at="2021-07-23T21:43:09Z">
          <reporter-output>
          </reporter-output>
        </test-method> <!-- close -->
        <test-method status="SKIP" signature="fOOTERLINKS()[pri:0, instance:com.TestCases.Scenario7@1ebd319f]" name="fOOTERLINKS" duration-ms="0" started-at="2021-07-23T21:43:09Z" finished-at="2021-07-23T21:43:09Z">
          <reporter-output>
          </reporter-output>
        </test-method> <!-- fOOTERLINKS -->
      </class> <!-- com.TestCases.Scenario7 -->
      <class name="com.TestCases.Scenario4">
        <test-method status="FAIL" signature="setup()[pri:0, instance:com.TestCases.Scenario4@424e1977]" name="setup" is-config="true" duration-ms="0" started-at="2021-07-23T21:42:44Z" finished-at="2021-07-23T21:42:44Z">
          <exception class="org.openqa.selenium.NoSuchWindowException">
            <message>
              <![CDATA[no such window: target window already closed
from unknown error: web view not found
  (Session info: chrome=91.0.4472.164)
Build info: version: '3.141.59', revision: 'e82be7d358', time: '2018-11-14T08:17:03'
System info: host: 'LAPTOP-RRO4KGR3', ip: '192.168.1.7', os.name: 'Windows 10', os.arch: 'amd64', os.version: '10.0', java.version: '1.8.0_144'
Driver info: org.openqa.selenium.chrome.ChromeDriver
Capabilities {acceptInsecureCerts: false, browserName: chrome, browserVersion: 91.0.4472.164, chrome: {chromedriverVersion: 91.0.4472.101 (af52a90bf870..., userDataDir: C:\Users\SUMITK~1\AppData\L...}, goog:chromeOptions: {debuggerAddress: localhost:58429}, javascriptEnabled: true, networkConnectionEnabled: false, pageLoadStrategy: normal, platform: WINDOWS, platformName: WINDOWS, proxy: Proxy(), setWindowRect: true, strictFileInteractability: false, timeouts: {implicit: 0, pageLoad: 300000, script: 30000}, unhandledPromptBehavior: dismiss and notify, webauthn:extension:largeBlob: true, webauthn:virtualAuthenticators: true}
Session ID: ce3ada324e97f4f96f154cdfc80cf34b]]>
            </message>
            <full-stacktrace>
              <![CDATA[org.openqa.selenium.NoSuchWindowException: no such window: target window already closed
from unknown error: web view not found
  (Session info: chrome=91.0.4472.164)
Build info: version: '3.141.59', revision: 'e82be7d358', time: '2018-11-14T08:17:03'
System info: host: 'LAPTOP-RRO4KGR3', ip: '192.168.1.7', os.name: 'Windows 10', os.arch: 'amd64', os.version: '10.0', java.version: '1.8.0_144'
Driver info: org.openqa.selenium.chrome.ChromeDriver
Capabilities {acceptInsecureCerts: false, browserName: chrome, browserVersion: 91.0.4472.164, chrome: {chromedriverVersion: 91.0.4472.101 (af52a90bf870..., userDataDir: C:\Users\SUMITK~1\AppData\L...}, goog:chromeOptions: {debuggerAddress: localhost:58429}, javascriptEnabled: true, networkConnectionEnabled: false, pageLoadStrategy: normal, platform: WINDOWS, platformName: WINDOWS, proxy: Proxy(), setWindowRect: true, strictFileInteractability: false, timeouts: {implicit: 0, pageLoad: 300000, script: 30000}, unhandledPromptBehavior: dismiss and notify, webauthn:extension:largeBlob: true, webauthn:virtualAuthenticators: true}
Session ID: ce3ada324e97f4f96f154cdfc80cf34b
	at sun.reflect.NativeConstructorAccessorImpl.newInstance0(Native Method)
	at sun.reflect.NativeConstructorAccessorImpl.newInstance(NativeConstructorAccessorImpl.java:62)
	at sun.reflect.DelegatingConstructorAccessorImpl.newInstance(DelegatingConstructorAccessorImpl.java:45)
	at java.lang.reflect.Constructor.newInstance(Constructor.java:423)
	at org.openqa.selenium.remote.http.W3CHttpResponseCodec.createException(W3CHttpResponseCodec.java:187)
	at org.openqa.selenium.remote.http.W3CHttpResponseCodec.decode(W3CHttpResponseCodec.java:122)
	at org.openqa.selenium.remote.http.W3CHttpResponseCodec.decode(W3CHttpResponseCodec.java:49)
	at org.openqa.selenium.remote.HttpCommandExecutor.execute(HttpCommandExecutor.java:158)
	at org.openqa.selenium.remote.service.DriverCommandExecutor.execute(DriverCommandExecutor.java:83)
	at org.openqa.selenium.remote.RemoteWebDriver.execute(RemoteWebDriver.java:552)
	at org.openqa.selenium.remote.RemoteWebDriver.execute(RemoteWebDriver.java:609)
	at org.openqa.selenium.remote.RemoteWebDriver$RemoteWebDriverOptions$RemoteWindow.maximize(RemoteWebDriver.java:837)
	at objectsFactory.BasePage.InitializeDriver(BasePage.java:56)
	at com.TestCases.BaseTest.setup(BaseTest.java:19)
	at sun.reflect.NativeMethodAccessorImpl.invoke0(Native Method)
	at sun.reflect.NativeMethodAccessorImpl.invoke(NativeMethodAccessorImpl.java:62)
	at sun.reflect.DelegatingMethodAccessorImpl.invoke(DelegatingMethodAccessorImpl.java:43)
	at java.lang.reflect.Method.invoke(Method.java:498)
	at org.testng.internal.MethodInvocationHelper.invokeMethod(MethodInvocationHelper.java:80)
	at org.testng.internal.Invoker.invokeConfigurationMethod(Invoker.java:564)
	at org.testng.internal.Invoker.invokeConfigurations(Invoker.java:213)
	at org.testng.internal.Invoker.invokeMethod(Invoker.java:653)
	at org.testng.internal.Invoker.invokeTestMethod(Invoker.java:901)
	at org.testng.internal.Invoker.invokeTestMethods(Invoker.java:1231)
	at org.testng.internal.TestMethodWorker.invokeTestMethods(TestMethodWorker.java:127)
	at org.testng.internal.TestMethodWorker.run(TestMethodWorker.java:111)
	at org.testng.TestRunner.privateRun(TestRunner.java:767)
	at org.testng.TestRunner.run(TestRunner.java:617)
	at org.testng.SuiteRunner.runTest(SuiteRunner.java:334)
	at org.testng.SuiteRunner.runSequentially(SuiteRunner.java:329)
	at org.testng.SuiteRunner.privateRun(SuiteRunner.java:291)
	at org.testng.SuiteRunner.run(SuiteRunner.java:240)
	at org.testng.SuiteRunnerWorker.runSuite(SuiteRunnerWorker.java:52)
	at org.testng.SuiteRunnerWorker.run(SuiteRunnerWorker.java:86)
	at org.testng.TestNG.runSuitesSequentially(TestNG.java:1198)
	at org.testng.TestNG.runSuitesLocally(TestNG.java:1123)
	at org.testng.TestNG.run(TestNG.java:1031)
	at org.apache.maven.surefire.testng.TestNGExecutor.run(TestNGExecutor.java:284)
	at org.apache.maven.surefire.testng.TestNGXmlTestSuite.execute(TestNGXmlTestSuite.java:75)
	at org.apache.maven.surefire.testng.TestNGProvider.invoke(TestNGProvider.java:119)
	at org.apache.maven.surefire.booter.ForkedBooter.runSuitesInProcess(ForkedBooter.java:428)
	at org.apache.maven.surefire.booter.ForkedBooter.execute(ForkedBooter.java:162)
	at org.apache.maven.surefire.booter.ForkedBooter.run(ForkedBooter.java:562)
	at org.apache.maven.surefire.booter.ForkedBooter.main(ForkedBooter.java:548)
]]>
            </full-stacktrace>
          </exception> <!-- org.openqa.selenium.NoSuchWindowException -->
          <reporter-output>
          </reporter-output>
        </test-method> <!-- setup -->
        <test-method status="SKIP" signature="ValidateLabel()[pri:0, instance:com.TestCases.Scenario4@424e1977]" name="ValidateLabel" duration-ms="0" started-at="2021-07-23T21:43:09Z" finished-at="2021-07-23T21:43:09Z">
          <reporter-output>
          </reporter-output>
        </test-method> <!-- ValidateLabel -->
        <test-method status="SKIP" signature="Initialize()[pri:0, instance:com.TestCases.Scenario4@424e1977]" name="Initialize" is-config="true" duration-ms="0" started-at="2021-07-23T21:43:09Z" finished-at="2021-07-23T21:43:09Z">
          <reporter-output>
          </reporter-output>
        </test-method> <!-- Initialize -->
        <test-method status="SKIP" signature="close()[pri:0, instance:com.TestCases.Scenario4@424e1977]" name="close" is-config="true" duration-ms="0" started-at="2021-07-23T21:43:09Z" finished-at="2021-07-23T21:43:09Z">
          <reporter-output>
          </reporter-output>
        </test-method> <!-- close -->
        <test-method status="SKIP" signature="setup()[pri:0, instance:com.TestCases.Scenario4@424e1977]" name="setup" is-config="true" duration-ms="0" started-at="2021-07-23T21:43:09Z" finished-at="2021-07-23T21:43:09Z">
          <reporter-output>
          </reporter-output>
        </test-method> <!-- setup -->
        <test-method status="SKIP" signature="Initialize()[pri:0, instance:com.TestCases.Scenario4@424e1977]" name="Initialize" is-config="true" duration-ms="0" started-at="2021-07-23T21:43:09Z" finished-at="2021-07-23T21:43:09Z">
          <reporter-output>
          </reporter-output>
        </test-method> <!-- Initialize -->
        <test-method status="SKIP" signature="ValidateCount()[pri:0, instance:com.TestCases.Scenario4@424e1977]" name="ValidateCount" duration-ms="0" started-at="2021-07-23T21:43:09Z" finished-at="2021-07-23T21:43:09Z">
          <reporter-output>
          </reporter-output>
        </test-method> <!-- ValidateCount -->
        <test-method status="SKIP" signature="DeleteItems()[pri:0, instance:com.TestCases.Scenario4@424e1977]" name="DeleteItems" duration-ms="1" started-at="2021-07-23T21:43:09Z" finished-at="2021-07-23T21:43:09Z">
          <reporter-output>
          </reporter-output>
        </test-method> <!-- DeleteItems -->
        <test-method status="SKIP" signature="Initialize()[pri:0, instance:com.TestCases.Scenario4@424e1977]" name="Initialize" is-config="true" duration-ms="0" started-at="2021-07-23T21:43:09Z" finished-at="2021-07-23T21:43:09Z">
          <reporter-output>
          </reporter-output>
        </test-method> <!-- Initialize -->
        <test-method status="SKIP" signature="setup()[pri:0, instance:com.TestCases.Scenario4@424e1977]" name="setup" is-config="true" duration-ms="0" started-at="2021-07-23T21:43:09Z" finished-at="2021-07-23T21:43:09Z">
          <reporter-output>
          </reporter-output>
        </test-method> <!-- setup -->
        <test-method status="SKIP" signature="close()[pri:0, instance:com.TestCases.Scenario4@424e1977]" name="close" is-config="true" duration-ms="0" started-at="2021-07-23T21:43:09Z" finished-at="2021-07-23T21:43:09Z">
          <reporter-output>
          </reporter-output>
        </test-method> <!-- close -->
        <test-method status="SKIP" signature="Initialize()[pri:0, instance:com.TestCases.Scenario4@424e1977]" name="Initialize" is-config="true" duration-ms="0" started-at="2021-07-23T21:43:09Z" finished-at="2021-07-23T21:43:09Z">
          <reporter-output>
          </reporter-output>
        </test-method> <!-- Initialize -->
        <test-method status="SKIP" signature="validatePrice()[pri:0, instance:com.TestCases.Scenario4@424e1977]" name="validatePrice" duration-ms="0" started-at="2021-07-23T21:43:09Z" finished-at="2021-07-23T21:43:09Z">
          <reporter-output>
          </reporter-output>
        </test-method> <!-- validatePrice -->
        <test-method status="SKIP" signature="close()[pri:0, instance:com.TestCases.Scenario4@424e1977]" name="close" is-config="true" duration-ms="0" started-at="2021-07-23T21:43:09Z" finished-at="2021-07-23T21:43:09Z">
          <reporter-output>
          </reporter-output>
        </test-method> <!-- close -->
        <test-method status="SKIP" signature="close()[pri:0, instance:com.TestCases.Scenario4@424e1977]" name="close" is-config="true" duration-ms="0" started-at="2021-07-23T21:43:09Z" finished-at="2021-07-23T21:43:09Z">
          <reporter-output>
          </reporter-output>
        </test-method> <!-- close -->
        <test-method status="SKIP" signature="setup()[pri:0, instance:com.TestCases.Scenario4@424e1977]" name="setup" is-config="true" duration-ms="0" started-at="2021-07-23T21:43:09Z" finished-at="2021-07-23T21:43:09Z">
          <reporter-output>
          </reporter-output>
        </test-method> <!-- setup -->
      </class> <!-- com.TestCases.Scenario4 -->
      <class name="com.TestCases.Scenario5">
        <test-method status="SKIP" signature="setup()[pri:0, instance:com.TestCases.Scenario5@117e949d]" name="setup" is-config="true" duration-ms="0" started-at="2021-07-23T21:43:09Z" finished-at="2021-07-23T21:43:09Z">
          <reporter-output>
          </reporter-output>
        </test-method> <!-- setup -->
        <test-method status="SKIP" signature="close()[pri:0, instance:com.TestCases.Scenario5@117e949d]" name="close" is-config="true" duration-ms="0" started-at="2021-07-23T21:43:09Z" finished-at="2021-07-23T21:43:09Z">
          <reporter-output>
          </reporter-output>
        </test-method> <!-- close -->
        <test-method status="SKIP" signature="T1()[pri:0, instance:com.TestCases.Scenario5@117e949d]" name="T1" duration-ms="0" started-at="2021-07-23T21:43:09Z" finished-at="2021-07-23T21:43:09Z">
          <reporter-output>
          </reporter-output>
        </test-method> <!-- T1 -->
        <test-method status="SKIP" signature="Initialize()[pri:0, instance:com.TestCases.Scenario5@117e949d]" name="Initialize" is-config="true" duration-ms="0" started-at="2021-07-23T21:43:09Z" finished-at="2021-07-23T21:43:09Z">
          <reporter-output>
          </reporter-output>
        </test-method> <!-- Initialize -->
      </class> <!-- com.TestCases.Scenario5 -->
      <class name="com.TestCases.Scenario2">
        <test-method status="PASS" signature="setup()[pri:0, instance:com.TestCases.Scenario2@15ca7889]" name="setup" is-config="true" duration-ms="12694" started-at="2021-07-23T21:35:29Z" finished-at="2021-07-23T21:35:41Z">
          <reporter-output>
          </reporter-output>
        </test-method> <!-- setup -->
        <test-method status="PASS" signature="Initialize()[pri:0, instance:com.TestCases.Scenario2@15ca7889]" name="Initialize" is-config="true" duration-ms="5718" started-at="2021-07-23T21:35:41Z" finished-at="2021-07-23T21:35:47Z">
          <reporter-output>
          </reporter-output>
        </test-method> <!-- Initialize -->
        <test-method status="FAIL" signature="CheckInboxes()[pri:0, instance:com.TestCases.Scenario2@15ca7889]" name="CheckInboxes" duration-ms="58366" started-at="2021-07-23T21:35:47Z" finished-at="2021-07-23T21:36:45Z">
          <exception class="org.openqa.selenium.ElementNotInteractableException">
            <message>
              <![CDATA[element not interactable
  (Session info: chrome=91.0.4472.164)
Build info: version: '3.141.59', revision: 'e82be7d358', time: '2018-11-14T08:17:03'
System info: host: 'LAPTOP-RRO4KGR3', ip: '192.168.1.7', os.name: 'Windows 10', os.arch: 'amd64', os.version: '10.0', java.version: '1.8.0_144'
Driver info: org.openqa.selenium.chrome.ChromeDriver
Capabilities {acceptInsecureCerts: false, browserName: chrome, browserVersion: 91.0.4472.164, chrome: {chromedriverVersion: 91.0.4472.101 (af52a90bf870..., userDataDir: C:\Users\SUMITK~1\AppData\L...}, goog:chromeOptions: {debuggerAddress: localhost:58586}, javascriptEnabled: true, networkConnectionEnabled: false, pageLoadStrategy: normal, platform: WINDOWS, platformName: WINDOWS, proxy: Proxy(), setWindowRect: true, strictFileInteractability: false, timeouts: {implicit: 0, pageLoad: 300000, script: 30000}, unhandledPromptBehavior: dismiss and notify, webauthn:extension:largeBlob: true, webauthn:virtualAuthenticators: true}
Session ID: cbbb66a7ccca815b4468ec066d521055]]>
            </message>
            <full-stacktrace>
              <![CDATA[org.openqa.selenium.ElementNotInteractableException: element not interactable
  (Session info: chrome=91.0.4472.164)
Build info: version: '3.141.59', revision: 'e82be7d358', time: '2018-11-14T08:17:03'
System info: host: 'LAPTOP-RRO4KGR3', ip: '192.168.1.7', os.name: 'Windows 10', os.arch: 'amd64', os.version: '10.0', java.version: '1.8.0_144'
Driver info: org.openqa.selenium.chrome.ChromeDriver
Capabilities {acceptInsecureCerts: false, browserName: chrome, browserVersion: 91.0.4472.164, chrome: {chromedriverVersion: 91.0.4472.101 (af52a90bf870..., userDataDir: C:\Users\SUMITK~1\AppData\L...}, goog:chromeOptions: {debuggerAddress: localhost:58586}, javascriptEnabled: true, networkConnectionEnabled: false, pageLoadStrategy: normal, platform: WINDOWS, platformName: WINDOWS, proxy: Proxy(), setWindowRect: true, strictFileInteractability: false, timeouts: {implicit: 0, pageLoad: 300000, script: 30000}, unhandledPromptBehavior: dismiss and notify, webauthn:extension:largeBlob: true, webauthn:virtualAuthenticators: true}
Session ID: cbbb66a7ccca815b4468ec066d521055
	at sun.reflect.NativeConstructorAccessorImpl.newInstance0(Native Method)
	at sun.reflect.NativeConstructorAccessorImpl.newInstance(NativeConstructorAccessorImpl.java:62)
	at sun.reflect.DelegatingConstructorAccessorImpl.newInstance(DelegatingConstructorAccessorImpl.java:45)
	at java.lang.reflect.Constructor.newInstance(Constructor.java:423)
	at org.openqa.selenium.remote.http.W3CHttpResponseCodec.createException(W3CHttpResponseCodec.java:187)
	at org.openqa.selenium.remote.http.W3CHttpResponseCodec.decode(W3CHttpResponseCodec.java:122)
	at org.openqa.selenium.remote.http.W3CHttpResponseCodec.decode(W3CHttpResponseCodec.java:49)
	at org.openqa.selenium.remote.HttpCommandExecutor.execute(HttpCommandExecutor.java:158)
	at org.openqa.selenium.remote.service.DriverCommandExecutor.execute(DriverCommandExecutor.java:83)
	at org.openqa.selenium.remote.RemoteWebDriver.execute(RemoteWebDriver.java:552)
	at org.openqa.selenium.remote.RemoteWebElement.execute(RemoteWebElement.java:285)
	at org.openqa.selenium.remote.RemoteWebElement.click(RemoteWebElement.java:84)
	at com.TestCases.Scenario2.CheckInboxes(Scenario2.java:57)
	at sun.reflect.NativeMethodAccessorImpl.invoke0(Native Method)
	at sun.reflect.NativeMethodAccessorImpl.invoke(NativeMethodAccessorImpl.java:62)
	at sun.reflect.DelegatingMethodAccessorImpl.invoke(DelegatingMethodAccessorImpl.java:43)
	at java.lang.reflect.Method.invoke(Method.java:498)
	at org.testng.internal.MethodInvocationHelper.invokeMethod(MethodInvocationHelper.java:80)
	at org.testng.internal.Invoker.invokeMethod(Invoker.java:714)
	at org.testng.internal.Invoker.invokeTestMethod(Invoker.java:901)
	at org.testng.internal.Invoker.invokeTestMethods(Invoker.java:1231)
	at org.testng.internal.TestMethodWorker.invokeTestMethods(TestMethodWorker.java:127)
	at org.testng.internal.TestMethodWorker.run(TestMethodWorker.java:111)
	at org.testng.TestRunner.privateRun(TestRunner.java:767)
	at org.testng.TestRunner.run(TestRunner.java:617)
	at org.testng.SuiteRunner.runTest(SuiteRunner.java:334)
	at org.testng.SuiteRunner.runSequentially(SuiteRunner.java:329)
	at org.testng.SuiteRunner.privateRun(SuiteRunner.java:291)
	at org.testng.SuiteRunner.run(SuiteRunner.java:240)
	at org.testng.SuiteRunnerWorker.runSuite(SuiteRunnerWorker.java:52)
	at org.testng.SuiteRunnerWorker.run(SuiteRunnerWorker.java:86)
	at org.testng.TestNG.runSuitesSequentially(TestNG.java:1198)
	at org.testng.TestNG.runSuitesLocally(TestNG.java:1123)
	at org.testng.TestNG.run(TestNG.java:1031)
	at org.apache.maven.surefire.testng.TestNGExecutor.run(TestNGExecutor.java:284)
	at org.apache.maven.surefire.testng.TestNGXmlTestSuite.execute(TestNGXmlTestSuite.java:75)
	at org.apache.maven.surefire.testng.TestNGProvider.invoke(TestNGProvider.java:119)
	at org.apache.maven.surefire.booter.ForkedBooter.runSuitesInProcess(ForkedBooter.java:428)
	at org.apache.maven.surefire.booter.ForkedBooter.execute(ForkedBooter.java:162)
	at org.apache.maven.surefire.booter.ForkedBooter.run(ForkedBooter.java:562)
	at org.apache.maven.surefire.booter.ForkedBooter.main(ForkedBooter.java:548)
]]>
            </full-stacktrace>
          </exception> <!-- org.openqa.selenium.ElementNotInteractableException -->
          <reporter-output>
          </reporter-output>
        </test-method> <!-- CheckInboxes -->
        <test-method status="PASS" signature="close()[pri:0, instance:com.TestCases.Scenario2@15ca7889]" name="close" is-config="true" duration-ms="811" started-at="2021-07-23T21:36:46Z" finished-at="2021-07-23T21:36:47Z">
          <reporter-output>
          </reporter-output>
        </test-method> <!-- close -->
        <test-method status="PASS" signature="setup()[pri:0, instance:com.TestCases.Scenario2@15ca7889]" name="setup" is-config="true" duration-ms="10885" started-at="2021-07-23T21:36:47Z" finished-at="2021-07-23T21:36:58Z">
          <reporter-output>
          </reporter-output>
        </test-method> <!-- setup -->
        <test-method status="PASS" signature="Initialize()[pri:0, instance:com.TestCases.Scenario2@15ca7889]" name="Initialize" is-config="true" duration-ms="2978" started-at="2021-07-23T21:36:58Z" finished-at="2021-07-23T21:37:01Z">
          <reporter-output>
          </reporter-output>
        </test-method> <!-- Initialize -->
        <test-method status="FAIL" signature="ValidateQuantity()[pri:0, instance:com.TestCases.Scenario2@15ca7889]" name="ValidateQuantity" duration-ms="43312" started-at="2021-07-23T21:37:01Z" finished-at="2021-07-23T21:37:44Z">
          <exception class="java.lang.AssertionError">
            <message>
              <![CDATA[expected [2] but found [2]]]>
            </message>
            <full-stacktrace>
              <![CDATA[java.lang.AssertionError: expected [2] but found [2]
	at org.testng.Assert.fail(Assert.java:94)
	at org.testng.Assert.failNotEquals(Assert.java:494)
	at org.testng.Assert.assertEquals(Assert.java:123)
	at org.testng.Assert.assertEquals(Assert.java:165)
	at com.TestCases.Scenario2.ValidateQuantity(Scenario2.java:40)
	at sun.reflect.NativeMethodAccessorImpl.invoke0(Native Method)
	at sun.reflect.NativeMethodAccessorImpl.invoke(NativeMethodAccessorImpl.java:62)
	at sun.reflect.DelegatingMethodAccessorImpl.invoke(DelegatingMethodAccessorImpl.java:43)
	at java.lang.reflect.Method.invoke(Method.java:498)
	at org.testng.internal.MethodInvocationHelper.invokeMethod(MethodInvocationHelper.java:80)
	at org.testng.internal.Invoker.invokeMethod(Invoker.java:714)
	at org.testng.internal.Invoker.invokeTestMethod(Invoker.java:901)
	at org.testng.internal.Invoker.invokeTestMethods(Invoker.java:1231)
	at org.testng.internal.TestMethodWorker.invokeTestMethods(TestMethodWorker.java:127)
	at org.testng.internal.TestMethodWorker.run(TestMethodWorker.java:111)
	at org.testng.TestRunner.privateRun(TestRunner.java:767)
	at org.testng.TestRunner.run(TestRunner.java:617)
	at org.testng.SuiteRunner.runTest(SuiteRunner.java:334)
	at org.testng.SuiteRunner.runSequentially(SuiteRunner.java:329)
	at org.testng.SuiteRunner.privateRun(SuiteRunner.java:291)
	at org.testng.SuiteRunner.run(SuiteRunner.java:240)
	at org.testng.SuiteRunnerWorker.runSuite(SuiteRunnerWorker.java:52)
	at org.testng.SuiteRunnerWorker.run(SuiteRunnerWorker.java:86)
	at org.testng.TestNG.runSuitesSequentially(TestNG.java:1198)
	at org.testng.TestNG.runSuitesLocally(TestNG.java:1123)
	at org.testng.TestNG.run(TestNG.java:1031)
	at org.apache.maven.surefire.testng.TestNGExecutor.run(TestNGExecutor.java:284)
	at org.apache.maven.surefire.testng.TestNGXmlTestSuite.execute(TestNGXmlTestSuite.java:75)
	at org.apache.maven.surefire.testng.TestNGProvider.invoke(TestNGProvider.java:119)
	at org.apache.maven.surefire.booter.ForkedBooter.runSuitesInProcess(ForkedBooter.java:428)
	at org.apache.maven.surefire.booter.ForkedBooter.execute(ForkedBooter.java:162)
	at org.apache.maven.surefire.booter.ForkedBooter.run(ForkedBooter.java:562)
	at org.apache.maven.surefire.booter.ForkedBooter.main(ForkedBooter.java:548)
]]>
            </full-stacktrace>
          </exception> <!-- java.lang.AssertionError -->
          <reporter-output>
          </reporter-output>
        </test-method> <!-- ValidateQuantity -->
        <test-method status="PASS" signature="close()[pri:0, instance:com.TestCases.Scenario2@15ca7889]" name="close" is-config="true" duration-ms="851" started-at="2021-07-23T21:37:44Z" finished-at="2021-07-23T21:37:45Z">
          <reporter-output>
          </reporter-output>
        </test-method> <!-- close -->
        <test-method status="PASS" signature="setup()[pri:0, instance:com.TestCases.Scenario2@15ca7889]" name="setup" is-config="true" duration-ms="32540" started-at="2021-07-23T21:37:45Z" finished-at="2021-07-23T21:38:18Z">
          <reporter-output>
          </reporter-output>
        </test-method> <!-- setup -->
        <test-method status="PASS" signature="Initialize()[pri:0, instance:com.TestCases.Scenario2@15ca7889]" name="Initialize" is-config="true" duration-ms="34146" started-at="2021-07-23T21:38:18Z" finished-at="2021-07-23T21:38:52Z">
          <reporter-output>
          </reporter-output>
        </test-method> <!-- Initialize -->
        <test-method status="PASS" signature="displayed()[pri:0, instance:com.TestCases.Scenario2@15ca7889]" name="displayed" duration-ms="5153" started-at="2021-07-23T21:38:52Z" finished-at="2021-07-23T21:38:57Z">
          <reporter-output>
          </reporter-output>
        </test-method> <!-- displayed -->
        <test-method status="PASS" signature="close()[pri:0, instance:com.TestCases.Scenario2@15ca7889]" name="close" is-config="true" duration-ms="1128" started-at="2021-07-23T21:38:57Z" finished-at="2021-07-23T21:38:58Z">
          <reporter-output>
          </reporter-output>
        </test-method> <!-- close -->
      </class> <!-- com.TestCases.Scenario2 -->
      <class name="com.TestCases.Scenario3">
        <test-method status="PASS" signature="setup()[pri:0, instance:com.TestCases.Scenario3@38102d01]" name="setup" is-config="true" duration-ms="144069" started-at="2021-07-23T21:38:58Z" finished-at="2021-07-23T21:41:22Z">
          <reporter-output>
          </reporter-output>
        </test-method> <!-- setup -->
        <test-method status="PASS" signature="Initialize()[pri:0, instance:com.TestCases.Scenario3@38102d01]" name="Initialize" is-config="true" duration-ms="33979" started-at="2021-07-23T21:41:22Z" finished-at="2021-07-23T21:41:56Z">
          <reporter-output>
          </reporter-output>
        </test-method> <!-- Initialize -->
        <test-method status="PASS" signature="T1()[pri:0, instance:com.TestCases.Scenario3@38102d01]" name="T1" duration-ms="46985" started-at="2021-07-23T21:41:56Z" finished-at="2021-07-23T21:42:43Z">
          <reporter-output>
          </reporter-output>
        </test-method> <!-- T1 -->
        <test-method status="PASS" signature="close()[pri:0, instance:com.TestCases.Scenario3@38102d01]" name="close" is-config="true" duration-ms="961" started-at="2021-07-23T21:42:43Z" finished-at="2021-07-23T21:42:44Z">
          <reporter-output>
          </reporter-output>
        </test-method> <!-- close -->
      </class> <!-- com.TestCases.Scenario3 -->
      <class name="com.TestCases.Scenario1">
        <test-method status="PASS" signature="setup()[pri:0, instance:com.TestCases.Scenario1@5f8edcc5]" name="setup" is-config="true" duration-ms="12497" started-at="2021-07-23T21:34:28Z" finished-at="2021-07-23T21:34:41Z">
          <reporter-output>
          </reporter-output>
        </test-method> <!-- setup -->
        <test-method status="PASS" signature="InitiializeObj()[pri:0, instance:com.TestCases.Scenario1@5f8edcc5]" name="InitiializeObj" is-config="true" duration-ms="66" started-at="2021-07-23T21:34:41Z" finished-at="2021-07-23T21:34:41Z">
          <reporter-output>
          </reporter-output>
        </test-method> <!-- InitiializeObj -->
        <test-method status="PASS" signature="T1()[pri:0, instance:com.TestCases.Scenario1@5f8edcc5]" name="T1" duration-ms="394" started-at="2021-07-23T21:34:41Z" finished-at="2021-07-23T21:34:41Z">
          <reporter-output>
          </reporter-output>
        </test-method> <!-- T1 -->
        <test-method status="PASS" signature="close()[pri:0, instance:com.TestCases.Scenario1@5f8edcc5]" name="close" is-config="true" duration-ms="824" started-at="2021-07-23T21:34:41Z" finished-at="2021-07-23T21:34:42Z">
          <reporter-output>
          </reporter-output>
        </test-method> <!-- close -->
        <test-method status="PASS" signature="setup()[pri:0, instance:com.TestCases.Scenario1@5f8edcc5]" name="setup" is-config="true" duration-ms="20106" started-at="2021-07-23T21:34:42Z" finished-at="2021-07-23T21:35:02Z">
          <reporter-output>
          </reporter-output>
        </test-method> <!-- setup -->
        <test-method status="PASS" signature="InitiializeObj()[pri:0, instance:com.TestCases.Scenario1@5f8edcc5]" name="InitiializeObj" is-config="true" duration-ms="3" started-at="2021-07-23T21:35:02Z" finished-at="2021-07-23T21:35:02Z">
          <reporter-output>
          </reporter-output>
        </test-method> <!-- InitiializeObj -->
        <test-method status="PASS" signature="T2_T3()[pri:0, instance:com.TestCases.Scenario1@5f8edcc5]" name="T2_T3" duration-ms="474" started-at="2021-07-23T21:35:02Z" finished-at="2021-07-23T21:35:03Z">
          <reporter-output>
          </reporter-output>
        </test-method> <!-- T2_T3 -->
        <test-method status="PASS" signature="close()[pri:0, instance:com.TestCases.Scenario1@5f8edcc5]" name="close" is-config="true" duration-ms="921" started-at="2021-07-23T21:35:03Z" finished-at="2021-07-23T21:35:04Z">
          <reporter-output>
          </reporter-output>
        </test-method> <!-- close -->
        <test-method status="PASS" signature="setup()[pri:0, instance:com.TestCases.Scenario1@5f8edcc5]" name="setup" is-config="true" duration-ms="12127" started-at="2021-07-23T21:35:04Z" finished-at="2021-07-23T21:35:16Z">
          <reporter-output>
          </reporter-output>
        </test-method> <!-- setup -->
        <test-method status="PASS" signature="InitiializeObj()[pri:0, instance:com.TestCases.Scenario1@5f8edcc5]" name="InitiializeObj" is-config="true" duration-ms="1" started-at="2021-07-23T21:35:16Z" finished-at="2021-07-23T21:35:16Z">
          <reporter-output>
          </reporter-output>
        </test-method> <!-- InitiializeObj -->
        <test-method status="PASS" signature="T4()[pri:0, instance:com.TestCases.Scenario1@5f8edcc5]" name="T4" duration-ms="12069" started-at="2021-07-23T21:35:16Z" finished-at="2021-07-23T21:35:28Z">
          <reporter-output>
          </reporter-output>
        </test-method> <!-- T4 -->
        <test-method status="PASS" signature="close()[pri:0, instance:com.TestCases.Scenario1@5f8edcc5]" name="close" is-config="true" duration-ms="902" started-at="2021-07-23T21:35:28Z" finished-at="2021-07-23T21:35:29Z">
          <reporter-output>
          </reporter-output>
        </test-method> <!-- close -->
      </class> <!-- com.TestCases.Scenario1 -->
    </test> <!-- Test -->
  </suite> <!-- Suite -->
</testng-results>
